<?xml version="1.0" encoding="UTF-8"?>
<testng-results ignored="5" total="8" passed="3" failed="0" skipped="0">
  <reporter-output>
  </reporter-output>
  <suite started-at="2025-05-24T17:51:07 IST" name="GroupingSuite" finished-at="2025-05-24T17:51:07 IST" duration-ms="87">
    <groups>
      <group name="sanity">
        <method signature="LoginTest.loginbyEmail()[pri:1, instance:Day_44.LoginTest@3754a4bf]" name="loginbyEmail" class="Day_44.LoginTest"/>
        <method signature="LoginTest.loginByFB()[pri:2, instance:Day_44.LoginTest@3754a4bf]" name="loginByFB" class="Day_44.LoginTest"/>
        <method signature="LoginTest.LoginByTwitter()[pri:3, instance:Day_44.LoginTest@3754a4bf]" name="LoginByTwitter" class="Day_44.LoginTest"/>
      </group> <!-- sanity -->
    </groups>
    <test started-at="2025-05-24T17:51:07 IST" name="GroupingTests" finished-at="2025-05-24T17:51:07 IST" duration-ms="87">
      <class name="Day_44.LoginTest">
        <test-method signature="loginbyEmail()[pri:1, instance:Day_44.LoginTest@3754a4bf]" started-at="2025-05-24T17:51:07 IST" name="loginbyEmail" finished-at="2025-05-24T17:51:07 IST" duration-ms="10" status="PASS">
          <reporter-output>
          </reporter-output>
        </test-method> <!-- loginbyEmail -->
        <test-method signature="loginByFB()[pri:2, instance:Day_44.LoginTest@3754a4bf]" started-at="2025-05-24T17:51:07 IST" name="loginByFB" finished-at="2025-05-24T17:51:07 IST" duration-ms="4" status="PASS">
          <reporter-output>
          </reporter-output>
        </test-method> <!-- loginByFB -->
        <test-method signature="LoginByTwitter()[pri:3, instance:Day_44.LoginTest@3754a4bf]" started-at="2025-05-24T17:51:07 IST" name="LoginByTwitter" finished-at="2025-05-24T17:51:07 IST" duration-ms="3" status="PASS">
          <reporter-output>
          </reporter-output>
        </test-method> <!-- LoginByTwitter -->
      </class> <!-- Day_44.LoginTest -->
    </test> <!-- GroupingTests -->
  </suite> <!-- GroupingSuite -->
</testng-results>
