<?xml version="1.0" encoding="UTF-8"?>
<!-- Generated by org.testng.reporters.JUnitXMLReporter -->
<testsuite ignored="0" hostname="DESKTOP-C11KPRV" failures="0" tests="3" name="Default test" time="0.09" errors="0" timestamp="2025-05-24T17:16:11 IST">
  <testcase classname="Day_44.LoginTest" name="loginbyEmail" time="0.009"/>
  <testcase classname="Day_44.LoginTest" name="loginByFB" time="0.006"/>
  <testcase classname="Day_44.LoginTest" name="LoginByTwitter" time="0.006"/>
</testsuite> <!-- Default test -->
