<?xml version="1.0" encoding="UTF-8"?>
<!-- Generated by org.testng.reporters.JUnitXMLReporter -->
<testsuite ignored="0" hostname="DESKTOP-C11KPRV" failures="0" tests="3" name="Test2" time="0.046" errors="0" timestamp="2025-05-22T15:30:17 IST">
  <testcase classname="com.testngPackage.C1" name="Advancedsearch" time="0.004"/>
  <testcase classname="com.testngPackage.C3" name="pqr" time="0.014"/>
  <testcase classname="com.testngPackage.c2" name="search" time="0.006"/>
</testsuite> <!-- Test2 -->
