<?xml version="1.0" encoding="UTF-8"?>
<!-- Generated by org.testng.reporters.JUnitXMLReporter -->
<testsuite ignored="5" hostname="DESKTOP-C11KPRV" failures="0" tests="3" name="GroupingTests" time="0.087" errors="0" timestamp="2025-05-24T17:51:07 IST">
  <testcase classname="Day_44.LoginTest" name="loginbyEmail" time="0.01"/>
  <testcase classname="Day_44.LoginTest" name="loginByFB" time="0.004"/>
  <testcase classname="Day_44.LoginTest" name="LoginByTwitter" time="0.003"/>
  <testcase classname="Day_44.SignupTest" name="signupbyFB" time="0.0">
    <ignored/>
  </testcase> <!-- signupbyFB -->
  <testcase classname="Day_44.SignupTest" name="signupByEmail" time="0.0">
    <ignored/>
  </testcase> <!-- signupByEmail -->
  <testcase classname="Day_44.PaymentTest" name="paymentInRupees" time="0.0">
    <ignored/>
  </testcase> <!-- paymentInRupees -->
  <testcase classname="Day_44.PaymentTest" name="paymentInDollars" time="0.0">
    <ignored/>
  </testcase> <!-- paymentInDollars -->
  <testcase classname="Day_44.SignupTest" name="signupbyTwitter" time="0.0">
    <ignored/>
  </testcase> <!-- signupbyTwitter -->
</testsuite> <!-- GroupingTests -->
